<?xml version="1.0" encoding="UTF-8"?>
<testsuite xmlns:xsi="http://www.w3.org/2001/XMLSchema-instance" xsi:noNamespaceSchemaLocation="https://maven.apache.org/surefire/maven-surefire-plugin/xsd/surefire-test-report.xsd" name="oy.tol.tra.PhoneBookTests" time="4.215" tests="3" errors="0" skipped="0" failures="0">
  <properties>
[...]
</properties>
  <testcase name="readFromFileToSlowPhoneBook" classname="oy.tol.tra.PhoneBookTests" time="3.697"/>
  <testcase name="readFromFileToBST" classname="oy.tol.tra.PhoneBookTests" time="0.479"/>
  <testcase name="readFromFileToHashtable" classname="oy.tol.tra.PhoneBookTests" time="0.015"/>
</testsuite>